<?xml version="1.0" encoding="UTF-8"?>
<!-- Generated by org.testng.reporters.JUnitXMLReporter -->
<testsuite ignored="0" hostname="LAPTOP-IAG65HB2" failures="0" tests="4" name="Test" time="36.868" errors="0" timestamp="2023-04-07T23:17:32 IST">
  <testcase classname="SeleniumJavaProject.SeleniumJava.Browserlaunch" name="handlebrowser" time="7.564"/>
  <testcase classname="SeleniumJavaProject.SeleniumJava.UserPassword" name="Useridnandpassword" time="4.798"/>
  <testcase classname="SeleniumJavaProject.SeleniumJava.fbsignup" name="signuppage" time="12.348"/>
  <testcase classname="SeleniumJavaProject.SeleniumJava.createnewaccount" name="newaccount" time="12.086"/>
</testsuite> <!-- Test -->
