<?xml version="1.0" encoding="UTF-8"?>
<!-- Generated by org.testng.reporters.JUnitXMLReporter -->
<testsuite ignored="0" hostname="LAPTOP-IAG65HB2" failures="0" tests="3" name="Test" time="12.785" errors="0" timestamp="2023-04-07T12:10:55 IST">
  <testcase classname="SeleniumJavaProject.SeleniumJava.Browserlaunch" name="handlebrowser" time="5.309"/>
  <testcase classname="SeleniumJavaProject.SeleniumJava.UserPassword" name="Useridnandpassword" time="3.705"/>
  <testcase classname="SeleniumJavaProject.SeleniumJava.createnewaccount" name="newaccount" time="3.716"/>
</testsuite> <!-- Test -->
