<?xml version="1.0" encoding="UTF-8"?>
<testng-results ignored="0" total="1" passed="1" failed="0" skipped="0">
  <reporter-output>
  </reporter-output>
  <suite started-at="2023-04-07T12:29:39 IST" name="Default suite" finished-at="2023-04-07T12:29:51 IST" duration-ms="11561">
    <groups>
    </groups>
    <test started-at="2023-04-07T12:29:39 IST" name="Default test" finished-at="2023-04-07T12:29:51 IST" duration-ms="11561">
      <class name="SeleniumJavaProject.SeleniumJava.createnewaccount">
        <test-method signature="newaccount()[pri:0, instance:SeleniumJavaProject.SeleniumJava.createnewaccount@1139b2f3]" started-at="2023-04-07T12:29:39 IST" name="newaccount" finished-at="2023-04-07T12:29:51 IST" duration-ms="11495" status="PASS">
          <reporter-output>
          </reporter-output>
        </test-method> <!-- newaccount -->
      </class> <!-- SeleniumJavaProject.SeleniumJava.createnewaccount -->
    </test> <!-- Default test -->
  </suite> <!-- Default suite -->
</testng-results>
